============================= test session starts ==============================
platform linux2 -- Python 2.7.15rc1, pytest-3.3.2, py-1.5.2, pluggy-0.6.0 -- /usr/bin/python
cachedir: .cache
rootdir: /home/rafal/git/python_circ_buffer, inifile:
plugins: pylint-0.7.1, pep8-1.0.6, ordering-0.5, mccabe-0.1, cov-2.5.1
collecting ... collected 17 items

circ_buffer_test.py::test_circ_buffer_default_size PASSED                [  5%]
circ_buffer_test.py::test_putchar PASSED                                 [ 11%]
circ_buffer_test.py::test_puts PASSED                                    [ 17%]
circ_buffer_test.py::test_put_combination PASSED                         [ 23%]
circ_buffer_test.py::test_get_from_empty_buffer PASSED                   [ 29%]
circ_buffer_test.py::test_available PASSED                               [ 35%]
circ_buffer_test.py::test_available_with_overflow PASSED                 [ 41%]
circ_buffer_test.py::test_gets_after_overflow PASSED                     [ 47%]
circ_buffer_test.py::test_flush PASSED                                   [ 52%]
circ_buffer_test.py::test_add_operator PASSED                            [ 58%]
circ_buffer_test.py::test_cbuffer_with_init_values PASSED                [ 64%]
circ_buffer_test.py::test_cbuffer_get_as_list_method PASSED              [ 70%]
circ_buffer_test.py::test_cbuffer_get_as_list_method_with_specifed_amount PASSED [ 76%]
circ_buffer_test.py::test_cbuffer_get_as_list_method_with_specifed_amount_get_more_than_available PASSED [ 82%]
circ_buffer_test.py::test_iteration PASSED                               [ 88%]
circ_buffer_test.py::test_contains PASSED                                [ 94%]
circ_buffer_test.py::test_str PASSED                                     [100%]

-------- coverage: platform linux2, python 2.7.15-candidate-1 --------
Name                  Stmts   Miss  Cover
-----------------------------------------
__init__.py               1      0   100%
circ_buffer.py           91      2    98%
circ_buffer_test.py     107      7    93%
-----------------------------------------
TOTAL                   199      9    95%


========================== 17 passed in 0.10 seconds ===========================
